<?xml version="1.0" encoding="UTF-8"?>
<testng-results skipped="0" failed="0" ignored="0" total="1" passed="1">
  <reporter-output>
  </reporter-output>
  <suite name="All Test Suite" duration-ms="12687" started-at="2020-05-06T07:06:16Z" finished-at="2020-05-06T07:06:29Z">
    <groups>
    </groups>
    <test name="D:/SKProject" duration-ms="12687" started-at="2020-05-06T07:06:16Z" finished-at="2020-05-06T07:06:29Z">
      <class name="TestProgram">
        <test-method status="PASS" signature="flipcartLogin()[pri:0, instance:TestProgram@60d8c9b7]" name="flipcartLogin" duration-ms="12652" started-at="2020-05-06T07:06:16Z" finished-at="2020-05-06T07:06:29Z">
          <reporter-output>
          </reporter-output>
        </test-method> <!-- flipcartLogin -->
      </class> <!-- TestProgram -->
    </test> <!-- D:/SKProject -->
  </suite> <!-- All Test Suite -->
</testng-results>
